Arguments: 
  /Users/admin/.nvm/versions/node/v12.16.2/bin/node /usr/local/Cellar/yarn/1.22.4/libexec/bin/yarn.js deploy:full

PATH: 
  /Users/admin/.nvm/versions/node/v12.16.2/bin:/Users/admin/.rbenv/shims:/Users/admin/.rbenv/bin:/usr/local/bin:/usr/bin:/bin:/usr/sbin:/sbin:/Applications/VMware Fusion.app/Contents/Public:/Applications/Postgres.app/Contents/Versions/latest/bin:/Users/admin/workspace/olx-clone-nestjs/node_modules/.bin

Yarn version: 
  1.22.4

Node version: 
  12.16.2

Platform: 
  darwin x64

Trace: 
  SyntaxError: /Users/admin/workspace/olx-clone-nestjs/package.json: Unexpected token } in JSON at position 276
      at JSON.parse (<anonymous>)
      at /usr/local/Cellar/yarn/1.22.4/libexec/lib/cli.js:1625:59
      at Generator.next (<anonymous>)
      at step (/usr/local/Cellar/yarn/1.22.4/libexec/lib/cli.js:310:30)
      at /usr/local/Cellar/yarn/1.22.4/libexec/lib/cli.js:321:13

npm manifest: 
  {
    "name": "server",
    "version": "1.0.0",
    "main": "index.js",
    "license": "MIT",
    "scripts": {
      "dev": "NODE_ENV=development ts-node-dev src/main.ts",
      "start": "NODE_ENV=production node dist/main.js",
      "build": "nest build",
      "prestart:prod": "rimraf dist && npm run build",
      "deploy:full": "git add . && git commit -m deploy && git push heroku master"
    },
    "dependencies": {
      "@nestjs/common": "^7.2.0",
      "@nestjs/core": "^7.2.0",
      "bcryptjs": "^2.4.3",
      "morgan": "^1.10.0",
      "reflect-metadata": "^0.1.13",
      "rxjs": "^6.5.5",
      "typeorm": "^0.2.25",
      "typescript": "^3.9.5",
      "@hapi/joi": "^17.1.1",
      "@nestjs/config": "^0.5.0",
      "@nestjs/jwt": "^7.0.0",
      "@nestjs/passport": "^7.1.0",
      "@nestjs/platform-express": "^7.3.1",
      "@nestjs/typeorm": "^7.1.0",
      "passport": "^0.4.1",
      "passport-jwt": "^4.0.0",
      "passport-local": "^1.0.0",
      "pg": "^8.2.1",
      "remove": "^0.1.5",
      "class-transformer": "^0.2.3",
      "class-validator": "^0.12.2",
      "@types/bcryptjs": "^2.4.2",
      "@types/hapi__joi": "^17.1.3",
  
      "@types/passport-jwt": "^3.0.3",
      "@types/passport-local": "^1.0.33",
      "@types/node": "^14.0.14",
      "@types/express": "^4.17.6",
      "@types/cors": "^2.8.6",
      "@types/cookie-parser": "^1.4.2",
  
      "cloudinary": "^1.22.0",
      "cookie-parser": "^1.4.5"
    },
    "devDependencies": {
      "@types/jest": "^26.0.3",
      "ts-node-dev": "^1.0.0-pre.49"
  
    }
  }

yarn manifest: 
  No manifest

Lockfile: 
  No lockfile
